Determining if the pthread_create exist failed with the following output:
Change Dir: /home/dhri-dz/catkin_ws/src/test_use/build/CMakeFiles/CMakeTmp

Run Build Command:/usr/bin/make "cmTryCompileExec2839692115/fast"
/usr/bin/make -f CMakeFiles/cmTryCompileExec2839692115.dir/build.make CMakeFiles/cmTryCompileExec2839692115.dir/build
make[1]: Entering directory `/home/dhri-dz/catkin_ws/src/test_use/build/CMakeFiles/CMakeTmp'
/usr/bin/cmake -E cmake_progress_report /home/dhri-dz/catkin_ws/src/test_use/build/CMakeFiles/CMakeTmp/CMakeFiles 1
Building C object CMakeFiles/cmTryCompileExec2839692115.dir/CheckSymbolExists.c.o
/usr/bin/cc    -o CMakeFiles/cmTryCompileExec2839692115.dir/CheckSymbolExists.c.o   -c /home/dhri-dz/catkin_ws/src/test_use/build/CMakeFiles/CMakeTmp/CheckSymbolExists.c
Linking C executable cmTryCompileExec2839692115
/usr/bin/cmake -E cmake_link_script CMakeFiles/cmTryCompileExec2839692115.dir/link.txt --verbose=1
/usr/bin/cc        CMakeFiles/cmTryCompileExec2839692115.dir/CheckSymbolExists.c.o  -o cmTryCompileExec2839692115 -rdynamic 
CMakeFiles/cmTryCompileExec2839692115.dir/CheckSymbolExists.c.o: In function `main':
CheckSymbolExists.c:(.text+0x16): undefined reference to `pthread_create'
collect2: error: ld returned 1 exit status
make[1]: *** [cmTryCompileExec2839692115] Error 1
make[1]: Leaving directory `/home/dhri-dz/catkin_ws/src/test_use/build/CMakeFiles/CMakeTmp'
make: *** [cmTryCompileExec2839692115/fast] Error 2

File /home/dhri-dz/catkin_ws/src/test_use/build/CMakeFiles/CMakeTmp/CheckSymbolExists.c:
/* */
#include <pthread.h>

int main(int argc, char** argv)
{
  (void)argv;
#ifndef pthread_create
  return ((int*)(&pthread_create))[argc];
#else
  (void)argc;
  return 0;
#endif
}

Determining if the function pthread_create exists in the pthreads failed with the following output:
Change Dir: /home/dhri-dz/catkin_ws/src/test_use/build/CMakeFiles/CMakeTmp

Run Build Command:/usr/bin/make "cmTryCompileExec4245186694/fast"
/usr/bin/make -f CMakeFiles/cmTryCompileExec4245186694.dir/build.make CMakeFiles/cmTryCompileExec4245186694.dir/build
make[1]: Entering directory `/home/dhri-dz/catkin_ws/src/test_use/build/CMakeFiles/CMakeTmp'
/usr/bin/cmake -E cmake_progress_report /home/dhri-dz/catkin_ws/src/test_use/build/CMakeFiles/CMakeTmp/CMakeFiles 1
Building C object CMakeFiles/cmTryCompileExec4245186694.dir/CheckFunctionExists.c.o
/usr/bin/cc   -DCHECK_FUNCTION_EXISTS=pthread_create   -o CMakeFiles/cmTryCompileExec4245186694.dir/CheckFunctionExists.c.o   -c /usr/share/cmake-2.8/Modules/CheckFunctionExists.c
Linking C executable cmTryCompileExec4245186694
/usr/bin/cmake -E cmake_link_script CMakeFiles/cmTryCompileExec4245186694.dir/link.txt --verbose=1
/usr/bin/cc    -DCHECK_FUNCTION_EXISTS=pthread_create    CMakeFiles/cmTryCompileExec4245186694.dir/CheckFunctionExists.c.o  -o cmTryCompileExec4245186694 -rdynamic -lpthreads 
/usr/bin/ld: cannot find -lpthreads
collect2: error: ld returned 1 exit status
make[1]: *** [cmTryCompileExec4245186694] Error 1
make[1]: Leaving directory `/home/dhri-dz/catkin_ws/src/test_use/build/CMakeFiles/CMakeTmp'
make: *** [cmTryCompileExec4245186694/fast] Error 2


